-------------------------------------------------------------------------------
Test set: com.paulopcrp.forum.ForumApplicationTests
-------------------------------------------------------------------------------
Tests run: 1, Failures: 0, Errors: 1, Skipped: 0, Time elapsed: 0.507 s <<< FAILURE! - in com.paulopcrp.forum.ForumApplicationTests
com.paulopcrp.forum.ForumApplicationTests  Time elapsed: 0.506 s  <<< ERROR!
java.lang.IllegalStateException: Unable to find a @SpringBootConfiguration, you need to use @ContextConfiguration or @SpringBootTest(classes=...) with your test

